# JRE version: Java(TM) SE Runtime Environment (8.0_202-b08) (build 1.8.0_202-b08)
# Java VM: Java HotSpot(TM) 64-Bit Server VM (25.202-b08 mixed mode windows-amd64 compressed oops)
Heap:
 PSYoungGen      total 284672K, used 255576K [0x00000000eab00000, 0x0000000100000000, 0x0000000100000000)
  eden space 260096K, 88% used [0x00000000eab00000,0x00000000f8c99c28,0x00000000fa900000)
  from space 24576K, 99% used [0x00000000fe800000,0x00000000ffffc458,0x0000000100000000)
  to   space 44544K, 0% used [0x00000000fa900000,0x00000000fa900000,0x00000000fd480000)
 ParOldGen       total 200192K, used 70798K [0x00000000c0000000, 0x00000000cc380000, 0x00000000eab00000)
  object space 200192K, 35% used [0x00000000c0000000,0x00000000c4523a08,0x00000000cc380000)
 Metaspace       used 85147K, capacity 92188K, committed 92416K, reserved 1128448K
  class space    used 12263K, capacity 13522K, committed 13568K, reserved 1048576K
GC Heap History (10 events):
Event: 14.785 GC heap before
{Heap before GC invocations=11 (full 2):
 PSYoungGen      total 256000K, used 26412K [0x00000000eab00000, 0x00000000fc300000, 0x0000000100000000)
  eden space 241664K, 5% used [0x00000000eab00000,0x00000000eb6cdf70,0x00000000f9700000)
  from space 14336K, 99% used [0x00000000fab80000,0x00000000fb97d320,0x00000000fb980000)
  to   space 20992K, 0% used [0x00000000f9700000,0x00000000f9700000,0x00000000fab80000)
 ParOldGen       total 148480K, used 27292K [0x00000000c0000000, 0x00000000c9100000, 0x00000000eab00000)
  object space 148480K, 18% used [0x00000000c0000000,0x00000000c1aa7298,0x00000000c9100000)
 Metaspace       used 56780K, capacity 59026K, committed 59160K, reserved 1099776K
  class space    used 7883K, capacity 8316K, committed 8320K, reserved 1048576K
Event: 14.799 GC heap after
Heap after GC invocations=11 (full 2):
 PSYoungGen      total 262656K, used 15761K [0x00000000eab00000, 0x0000000100000000, 0x0000000100000000)
  eden space 241664K, 0% used [0x00000000eab00000,0x00000000eab00000,0x00000000f9700000)
  from space 20992K, 75% used [0x00000000f9700000,0x00000000fa664620,0x00000000fab80000)
  to   space 22016K, 0% used [0x00000000fea80000,0x00000000fea80000,0x0000000100000000)
 ParOldGen       total 148480K, used 27300K [0x00000000c0000000, 0x00000000c9100000, 0x00000000eab00000)
  object space 148480K, 18% used [0x00000000c0000000,0x00000000c1aa9298,0x00000000c9100000)
 Metaspace       used 56780K, capacity 59026K, committed 59160K, reserved 1099776K
  class space    used 7883K, capacity 8316K, committed 8320K, reserved 1048576K
}
Event: 14.799 GC heap before
{Heap before GC invocations=12 (full 3):
 PSYoungGen      total 262656K, used 15761K [0x00000000eab00000, 0x0000000100000000, 0x0000000100000000)
  eden space 241664K, 0% used [0x00000000eab00000,0x00000000eab00000,0x00000000f9700000)
  from space 20992K, 75% used [0x00000000f9700000,0x00000000fa664620,0x00000000fab80000)
  to   space 22016K, 0% used [0x00000000fea80000,0x00000000fea80000,0x0000000100000000)
 ParOldGen       total 148480K, used 27300K [0x00000000c0000000, 0x00000000c9100000, 0x00000000eab00000)
  object space 148480K, 18% used [0x00000000c0000000,0x00000000c1aa9298,0x00000000c9100000)
 Metaspace       used 56780K, capacity 59026K, committed 59160K, reserved 1099776K
  class space    used 7883K, capacity 8316K, committed 8320K, reserved 1048576K
Event: 14.990 GC heap after
Heap after GC invocations=12 (full 3):
 PSYoungGen      total 262656K, used 0K [0x00000000eab00000, 0x0000000100000000, 0x0000000100000000)
  eden space 241664K, 0% used [0x00000000eab00000,0x00000000eab00000,0x00000000f9700000)
  from space 20992K, 0% used [0x00000000f9700000,0x00000000f9700000,0x00000000fab80000)
  to   space 22016K, 0% used [0x00000000fea80000,0x00000000fea80000,0x0000000100000000)
 ParOldGen       total 200192K, used 31314K [0x00000000c0000000, 0x00000000cc380000, 0x00000000eab00000)
  object space 200192K, 15% used [0x00000000c0000000,0x00000000c1e94908,0x00000000cc380000)
 Metaspace       used 56728K, capacity 58852K, committed 59160K, reserved 1099776K
  class space    used 7867K, capacity 8287K, committed 8320K, reserved 1048576K
}
Event: 19.251 GC heap before
{Heap before GC invocations=13 (full 3):
 PSYoungGen      total 262656K, used 241664K [0x00000000eab00000, 0x0000000100000000, 0x0000000100000000)
  eden space 241664K, 100% used [0x00000000eab00000,0x00000000f9700000,0x00000000f9700000)
  from space 20992K, 0% used [0x00000000f9700000,0x00000000f9700000,0x00000000fab80000)
  to   space 22016K, 0% used [0x00000000fea80000,0x00000000fea80000,0x0000000100000000)
 ParOldGen       total 200192K, used 31314K [0x00000000c0000000, 0x00000000cc380000, 0x00000000eab00000)
  object space 200192K, 15% used [0x00000000c0000000,0x00000000c1e94908,0x00000000cc380000)
 Metaspace       used 67532K, capacity 71162K, committed 71296K, reserved 1110016K
  class space    used 9581K, capacity 10323K, committed 10368K, reserved 1048576K
Event: 19.272 GC heap after
Heap after GC invocations=13 (full 3):
 PSYoungGen      total 322048K, used 21996K [0x00000000eab00000, 0x0000000100000000, 0x0000000100000000)
  eden space 300032K, 0% used [0x00000000eab00000,0x00000000eab00000,0x00000000fd000000)
  from space 22016K, 99% used [0x00000000fea80000,0x00000000ffffb100,0x0000000100000000)
  to   space 24576K, 0% used [0x00000000fd000000,0x00000000fd000000,0x00000000fe800000)
 ParOldGen       total 200192K, used 31455K [0x00000000c0000000, 0x00000000cc380000, 0x00000000eab00000)
  object space 200192K, 15% used [0x00000000c0000000,0x00000000c1eb7c40,0x00000000cc380000)
 Metaspace       used 67532K, capacity 71162K, committed 71296K, reserved 1110016K
  class space    used 9581K, capacity 10323K, committed 10368K, reserved 1048576K
}
Event: 29.533 GC heap before
{Heap before GC invocations=14 (full 3):
 PSYoungGen      total 322048K, used 322028K [0x00000000eab00000, 0x0000000100000000, 0x0000000100000000)
  eden space 300032K, 100% used [0x00000000eab00000,0x00000000fd000000,0x00000000fd000000)
  from space 22016K, 99% used [0x00000000fea80000,0x00000000ffffb100,0x0000000100000000)
  to   space 24576K, 0% used [0x00000000fd000000,0x00000000fd000000,0x00000000fe800000)
 ParOldGen       total 200192K, used 31455K [0x00000000c0000000, 0x00000000cc380000, 0x00000000eab00000)
  object space 200192K, 15% used [0x00000000c0000000,0x00000000c1eb7c40,0x00000000cc380000)
 Metaspace       used 73669K, capacity 77404K, committed 77696K, reserved 1116160K
  class space    used 10315K, capacity 11060K, committed 11136K, reserved 1048576K
Event: 29.569 GC heap after
Heap after GC invocations=14 (full 3):
 PSYoungGen      total 324608K, used 24573K [0x00000000eab00000, 0x0000000100000000, 0x0000000100000000)
  eden space 300032K, 0% used [0x00000000eab00000,0x00000000eab00000,0x00000000fd000000)
  from space 24576K, 99% used [0x00000000fd000000,0x00000000fe7ff550,0x00000000fe800000)
  to   space 24576K, 0% used [0x00000000fe800000,0x00000000fe800000,0x0000000100000000)
 ParOldGen       total 200192K, used 38666K [0x00000000c0000000, 0x00000000cc380000, 0x00000000eab00000)
  object space 200192K, 19% used [0x00000000c0000000,0x00000000c25c2a78,0x00000000cc380000)
 Metaspace       used 73669K, capacity 77404K, committed 77696K, reserved 1116160K
  class space    used 10315K, capacity 11060K, committed 11136K, reserved 1048576K
}
Event: 35.609 GC heap before
{Heap before GC invocations=15 (full 3):
 PSYoungGen      total 324608K, used 324605K [0x00000000eab00000, 0x0000000100000000, 0x0000000100000000)
  eden space 300032K, 100% used [0x00000000eab00000,0x00000000fd000000,0x00000000fd000000)
  from space 24576K, 99% used [0x00000000fd000000,0x00000000fe7ff550,0x00000000fe800000)
  to   space 24576K, 0% used [0x00000000fe800000,0x00000000fe800000,0x0000000100000000)
 ParOldGen       total 200192K, used 38666K [0x00000000c0000000, 0x00000000cc380000, 0x00000000eab00000)
  object space 200192K, 19% used [0x00000000c0000000,0x00000000c25c2a78,0x00000000cc380000)
 Metaspace       used 84318K, capacity 91250K, committed 91520K, reserved 1128448K
  class space    used 12195K, capacity 13425K, committed 13440K, reserved 1048576K
Event: 35.655 GC heap after
Heap after GC invocations=15 (full 3):
 PSYoungGen      total 284672K, used 24561K [0x00000000eab00000, 0x0000000100000000, 0x0000000100000000)
  eden space 260096K, 0% used [0x00000000eab00000,0x00000000eab00000,0x00000000fa900000)
  from space 24576K, 99% used [0x00000000fe800000,0x00000000ffffc458,0x0000000100000000)
  to   space 44544K, 0% used [0x00000000fa900000,0x00000000fa900000,0x00000000fd480000)
 ParOldGen       total 200192K, used 70798K [0x00000000c0000000, 0x00000000cc380000, 0x00000000eab00000)
  object space 200192K, 35% used [0x00000000c0000000,0x00000000c4523a08,0x00000000cc380000)
 Metaspace       used 84318K, capacity 91250K, committed 91520K, reserved 1128448K
  class space    used 12195K, capacity 13425K, committed 13440K, reserved 1048576K
}

