# JRE version: Java(TM) SE Runtime Environment (8.0_202-b08) (build 1.8.0_202-b08)
# Java VM: Java HotSpot(TM) 64-Bit Server VM (25.202-b08 mixed mode windows-amd64 compressed oops)
Heap:
 PSYoungGen      total 328704K, used 46060K [0x00000000eab00000, 0x0000000100000000, 0x0000000100000000)
  eden space 310272K, 10% used [0x00000000eab00000,0x00000000ecc00a40,0x00000000fda00000)
  from space 18432K, 66% used [0x00000000fec80000,0x00000000ff87a9a8,0x00000000ffe80000)
  to   space 18944K, 0% used [0x00000000fda00000,0x00000000fda00000,0x00000000fec80000)
 ParOldGen       total 308224K, used 255748K [0x00000000c0000000, 0x00000000d2d00000, 0x00000000eab00000)
  object space 308224K, 82% used [0x00000000c0000000,0x00000000cf9c1150,0x00000000d2d00000)
 Metaspace       used 102375K, capacity 108166K, committed 108288K, reserved 1142784K
  class space    used 13774K, capacity 14825K, committed 14848K, reserved 1048576K
GC Heap History (10 events):
Event: 389.857 GC heap before
{Heap before GC invocations=54 (full 4):
 PSYoungGen      total 321536K, used 302954K [0x00000000eab00000, 0x00000000ffe00000, 0x0000000100000000)
  eden space 299520K, 100% used [0x00000000eab00000,0x00000000fcf80000,0x00000000fcf80000)
  from space 22016K, 15% used [0x00000000fcf80000,0x00000000fd2da920,0x00000000fe500000)
  to   space 21504K, 0% used [0x00000000fe900000,0x00000000fe900000,0x00000000ffe00000)
 ParOldGen       total 308224K, used 238538K [0x00000000c0000000, 0x00000000d2d00000, 0x00000000eab00000)
  object space 308224K, 77% used [0x00000000c0000000,0x00000000ce8f2a88,0x00000000d2d00000)
 Metaspace       used 102319K, capacity 108094K, committed 108288K, reserved 1142784K
  class space    used 13773K, capacity 14825K, committed 14848K, reserved 1048576K
Event: 389.869 GC heap after
Heap after GC invocations=54 (full 4):
 PSYoungGen      total 326144K, used 9707K [0x00000000eab00000, 0x00000000ffe80000, 0x0000000100000000)
  eden space 304640K, 0% used [0x00000000eab00000,0x00000000eab00000,0x00000000fd480000)
  from space 21504K, 45% used [0x00000000fe900000,0x00000000ff27ad60,0x00000000ffe00000)
  to   space 20992K, 0% used [0x00000000fd480000,0x00000000fd480000,0x00000000fe900000)
 ParOldGen       total 308224K, used 239203K [0x00000000c0000000, 0x00000000d2d00000, 0x00000000eab00000)
  object space 308224K, 77% used [0x00000000c0000000,0x00000000ce998c60,0x00000000d2d00000)
 Metaspace       used 102319K, capacity 108094K, committed 108288K, reserved 1142784K
  class space    used 13773K, capacity 14825K, committed 14848K, reserved 1048576K
}
Event: 390.597 GC heap before
{Heap before GC invocations=55 (full 4):
 PSYoungGen      total 326144K, used 314347K [0x00000000eab00000, 0x00000000ffe80000, 0x0000000100000000)
  eden space 304640K, 100% used [0x00000000eab00000,0x00000000fd480000,0x00000000fd480000)
  from space 21504K, 45% used [0x00000000fe900000,0x00000000ff27ad60,0x00000000ffe00000)
  to   space 20992K, 0% used [0x00000000fd480000,0x00000000fd480000,0x00000000fe900000)
 ParOldGen       total 308224K, used 239203K [0x00000000c0000000, 0x00000000d2d00000, 0x00000000eab00000)
  object space 308224K, 77% used [0x00000000c0000000,0x00000000ce998c60,0x00000000d2d00000)
 Metaspace       used 102322K, capacity 108094K, committed 108288K, reserved 1142784K
  class space    used 13773K, capacity 14825K, committed 14848K, reserved 1048576K
Event: 390.619 GC heap after
Heap after GC invocations=55 (full 4):
 PSYoungGen      total 325632K, used 6320K [0x00000000eab00000, 0x00000000ffd80000, 0x0000000100000000)
  eden space 304640K, 0% used [0x00000000eab00000,0x00000000eab00000,0x00000000fd480000)
  from space 20992K, 30% used [0x00000000fd480000,0x00000000fdaac060,0x00000000fe900000)
  to   space 19968K, 0% used [0x00000000fea00000,0x00000000fea00000,0x00000000ffd80000)
 ParOldGen       total 308224K, used 247269K [0x00000000c0000000, 0x00000000d2d00000, 0x00000000eab00000)
  object space 308224K, 80% used [0x00000000c0000000,0x00000000cf179680,0x00000000d2d00000)
 Metaspace       used 102322K, capacity 108094K, committed 108288K, reserved 1142784K
  class space    used 13773K, capacity 14825K, committed 14848K, reserved 1048576K
}
Event: 391.428 GC heap before
{Heap before GC invocations=56 (full 4):
 PSYoungGen      total 325632K, used 310960K [0x00000000eab00000, 0x00000000ffd80000, 0x0000000100000000)
  eden space 304640K, 100% used [0x00000000eab00000,0x00000000fd480000,0x00000000fd480000)
  from space 20992K, 30% used [0x00000000fd480000,0x00000000fdaac060,0x00000000fe900000)
  to   space 19968K, 0% used [0x00000000fea00000,0x00000000fea00000,0x00000000ffd80000)
 ParOldGen       total 308224K, used 247269K [0x00000000c0000000, 0x00000000d2d00000, 0x00000000eab00000)
  object space 308224K, 80% used [0x00000000c0000000,0x00000000cf179680,0x00000000d2d00000)
 Metaspace       used 102323K, capacity 108094K, committed 108288K, reserved 1142784K
  class space    used 13773K, capacity 14825K, committed 14848K, reserved 1048576K
Event: 391.440 GC heap after
Heap after GC invocations=56 (full 4):
 PSYoungGen      total 327168K, used 3824K [0x00000000eab00000, 0x00000000ffd00000, 0x0000000100000000)
  eden space 307712K, 0% used [0x00000000eab00000,0x00000000eab00000,0x00000000fd780000)
  from space 19456K, 19% used [0x00000000fea00000,0x00000000fedbc050,0x00000000ffd00000)
  to   space 18944K, 0% used [0x00000000fd780000,0x00000000fd780000,0x00000000fea00000)
 ParOldGen       total 308224K, used 251850K [0x00000000c0000000, 0x00000000d2d00000, 0x00000000eab00000)
  object space 308224K, 81% used [0x00000000c0000000,0x00000000cf5f2908,0x00000000d2d00000)
 Metaspace       used 102323K, capacity 108094K, committed 108288K, reserved 1142784K
  class space    used 13773K, capacity 14825K, committed 14848K, reserved 1048576K
}
Event: 392.787 GC heap before
{Heap before GC invocations=57 (full 4):
 PSYoungGen      total 327168K, used 311536K [0x00000000eab00000, 0x00000000ffd00000, 0x0000000100000000)
  eden space 307712K, 100% used [0x00000000eab00000,0x00000000fd780000,0x00000000fd780000)
  from space 19456K, 19% used [0x00000000fea00000,0x00000000fedbc050,0x00000000ffd00000)
  to   space 18944K, 0% used [0x00000000fd780000,0x00000000fd780000,0x00000000fea00000)
 ParOldGen       total 308224K, used 251850K [0x00000000c0000000, 0x00000000d2d00000, 0x00000000eab00000)
  object space 308224K, 81% used [0x00000000c0000000,0x00000000cf5f2908,0x00000000d2d00000)
 Metaspace       used 102343K, capacity 108166K, committed 108288K, reserved 1142784K
  class space    used 13773K, capacity 14825K, committed 14848K, reserved 1048576K
Event: 392.799 GC heap after
Heap after GC invocations=57 (full 4):
 PSYoungGen      total 326656K, used 4995K [0x00000000eab00000, 0x00000000ffe80000, 0x0000000100000000)
  eden space 307712K, 0% used [0x00000000eab00000,0x00000000eab00000,0x00000000fd780000)
  from space 18944K, 26% used [0x00000000fd780000,0x00000000fdc60fe0,0x00000000fea00000)
  to   space 18432K, 0% used [0x00000000fec80000,0x00000000fec80000,0x00000000ffe80000)
 ParOldGen       total 308224K, used 253806K [0x00000000c0000000, 0x00000000d2d00000, 0x00000000eab00000)
  object space 308224K, 82% used [0x00000000c0000000,0x00000000cf7db880,0x00000000d2d00000)
 Metaspace       used 102343K, capacity 108166K, committed 108288K, reserved 1142784K
  class space    used 13773K, capacity 14825K, committed 14848K, reserved 1048576K
}
Event: 393.923 GC heap before
{Heap before GC invocations=58 (full 4):
 PSYoungGen      total 326656K, used 312707K [0x00000000eab00000, 0x00000000ffe80000, 0x0000000100000000)
  eden space 307712K, 100% used [0x00000000eab00000,0x00000000fd780000,0x00000000fd780000)
  from space 18944K, 26% used [0x00000000fd780000,0x00000000fdc60fe0,0x00000000fea00000)
  to   space 18432K, 0% used [0x00000000fec80000,0x00000000fec80000,0x00000000ffe80000)
 ParOldGen       total 308224K, used 253806K [0x00000000c0000000, 0x00000000d2d00000, 0x00000000eab00000)
  object space 308224K, 82% used [0x00000000c0000000,0x00000000cf7db880,0x00000000d2d00000)
 Metaspace       used 102367K, capacity 108166K, committed 108288K, reserved 1142784K
  class space    used 13774K, capacity 14825K, committed 14848K, reserved 1048576K
Event: 393.941 GC heap after
Heap after GC invocations=58 (full 4):
 PSYoungGen      total 328704K, used 12266K [0x00000000eab00000, 0x0000000100000000, 0x0000000100000000)
  eden space 310272K, 0% used [0x00000000eab00000,0x00000000eab00000,0x00000000fda00000)
  from space 18432K, 66% used [0x00000000fec80000,0x00000000ff87a9a8,0x00000000ffe80000)
  to   space 18944K, 0% used [0x00000000fda00000,0x00000000fda00000,0x00000000fec80000)
 ParOldGen       total 308224K, used 255748K [0x00000000c0000000, 0x00000000d2d00000, 0x00000000eab00000)
  object space 308224K, 82% used [0x00000000c0000000,0x00000000cf9c1150,0x00000000d2d00000)
 Metaspace       used 102367K, capacity 108166K, committed 108288K, reserved 1142784K
  class space    used 13774K, capacity 14825K, committed 14848K, reserved 1048576K
}

